[2018-09-03 13:33:06.307] [sharedprocess] [info] main {"machineId":"d9ecece3ec9fb63074892a750160b36fa78840f81d9a41841979bc8dd07d9ca8"}
[2018-09-03 13:33:06.403] [sharedprocess] [info] Scanned user extensions: 1
[2018-09-03 13:33:06.423] [sharedprocess] [info] Scanned user extensions: 1
[2018-09-03 13:33:06.427] [sharedprocess] [info] Scanned user extensions: 1
[2018-09-03 13:33:06.470] [sharedprocess] [info] Scanned system extensions: 71
[2018-09-03 13:33:06.473] [sharedprocess] [info] Scanned system extensions: 71
[2018-09-03 13:33:07.440] [sharedprocess] [info] Scanned user extensions: 1
[2018-09-03 13:33:07.440] [sharedprocess] [info] Scanned user extensions: 1
[2018-09-03 13:33:46.312] [sharedprocess] [info] Starting to clean up unused language packs.
[2018-09-03 13:35:20.255] [sharedprocess] [info] Scanned user extensions: 1
[2018-09-03 13:35:20.258] [sharedprocess] [info] Scanned user extensions: 1
[2018-09-03 13:35:20.258] [sharedprocess] [info] Scanned user extensions: 1
[2018-09-03 13:35:20.310] [sharedprocess] [info] Scanned user extensions: 1
[2018-09-03 13:35:20.368] [sharedprocess] [info] Scanned system extensions: 71
[2018-09-03 13:35:20.371] [sharedprocess] [info] Scanned system extensions: 71
[2018-09-03 13:35:20.400] [sharedprocess] [info] Scanned system extensions: 71
[2018-09-03 13:35:35.048] [sharedprocess] [info] Installing extension: jellybeans
[2018-09-03 13:35:35.051] [sharedprocess] [info] Scanned user extensions: 1
[2018-09-03 13:35:35.807] [sharedprocess] [info] Downloaded extension: jellybeans /tmp/024f3c21-9c58-4225-9ea7-e8ec202e0f50
[2018-09-03 13:35:35.822] [sharedprocess] [info] Extracted extension to /home/teague/.vscode/extensions/.dasfranck.jellybeans-0.2.0: dasfranck.jellybeans-0.2.0
[2018-09-03 13:35:35.822] [sharedprocess] [info] Renamed to /home/teague/.vscode/extensions/dasfranck.jellybeans-0.2.0
[2018-09-03 13:35:35.822] [sharedprocess] [info] Installation completed. dasfranck.jellybeans-0.2.0
[2018-09-03 13:35:35.832] [sharedprocess] [info] Extensions installed successfully: dasfranck.jellybeans
[2018-09-03 13:35:35.979] [sharedprocess] [info] Scanned user extensions: 2
[2018-09-03 13:35:36.010] [sharedprocess] [info] Scanned system extensions: 71
[2018-09-03 13:35:39.420] [sharedprocess] [info] Scanned user extensions: 2
[2018-09-03 13:35:39.424] [sharedprocess] [info] Scanned user extensions: 2
[2018-09-03 13:35:39.428] [sharedprocess] [info] Scanned user extensions: 2
[2018-09-03 13:35:39.447] [sharedprocess] [info] Scanned user extensions: 2
[2018-09-03 13:35:39.451] [sharedprocess] [info] Scanned user extensions: 2
[2018-09-03 13:35:39.475] [sharedprocess] [info] Scanned user extensions: 2
[2018-09-03 13:35:39.585] [sharedprocess] [info] Scanned system extensions: 71
[2018-09-03 13:35:39.587] [sharedprocess] [info] Scanned system extensions: 71
[2018-09-03 13:35:39.589] [sharedprocess] [info] Scanned system extensions: 71
[2018-09-03 13:35:39.591] [sharedprocess] [info] Scanned system extensions: 71
[2018-09-03 13:35:42.699] [sharedprocess] [info] Scanned user extensions: 2
[2018-09-03 13:35:42.700] [sharedprocess] [info] Scanned user extensions: 2
